<?xml version="1.0" encoding="UTF-8"?>
<!-- Generated by org.testng.reporters.JUnitXMLReporter -->
<testsuite ignored="0" hostname="Lenovo-v110" failures="0" tests="4" name="ChromeTest" time="305.989" errors="0" timestamp="2022-11-01T20:03:45 IST">
  <testcase classname="testPack.ToVerifyContactUsPageTestNg" name="verifyLicensing" time="25.772"/>
  <testcase classname="testPack.ToVerifyContactUsPageTestNg" name="verifyReadersButton" time="6.764"/>
  <testcase classname="testPack.ToVerifyDetailsInImages" name="verifyMahatmaGandhiPage" time="51.182"/>
  <testcase classname="testPack.ToVerifyDetailsInImages" name="verifyMoreDetailsButton" time="33.381"/>
</testsuite> <!-- ChromeTest -->
