<?xml version="1.0" encoding="UTF-8"?>
<!-- Generated by org.testng.reporters.JUnitXMLReporter -->
<testsuite ignored="0" hostname="Lenovo-v110" failures="0" tests="4" name="EdgeTest" time="153.065" errors="0" timestamp="2022-11-01T20:06:18 IST">
  <testcase classname="testPack.ToVerifyContactUsPageTestNg" name="verifyLicensing" time="8.255"/>
  <testcase classname="testPack.ToVerifyContactUsPageTestNg" name="verifyReadersButton" time="1.257"/>
  <testcase classname="testPack.ToVerifyDetailsInImages" name="verifyMahatmaGandhiPage" time="18.295"/>
  <testcase classname="testPack.ToVerifyDetailsInImages" name="verifyMoreDetailsButton" time="14.239"/>
</testsuite> <!-- EdgeTest -->
