<?xml version="1.0" encoding="UTF-8"?>
<!-- Generated by org.testng.reporters.JUnitXMLReporter -->
<testsuite ignored="0" hostname="Lenovo-v110" failures="0" tests="4" name="Test1234" time="181.15" errors="0" timestamp="2022-10-21T15:44:17 IST">
  <testcase classname="testPack.ToVerifyDetailsInImages" name="verifyMahatmaGandhiPage" time="30.437"/>
  <testcase classname="testPack.ToVerifyDetailsInImages" name="verifyMoreDetailsButton" time="9.228"/>
  <testcase classname="testPack.ToVerifyContactUsPageTestNg" name="verifyReadersButton" time="3.44"/>
  <testcase classname="testPack.ToVerifyContactUsPageTestNg" name="verifyLicensing" time="1.236"/>
</testsuite> <!-- Test1234 -->
